<?xml version="1.0" encoding="UTF-8"?>
<testng-results ignored="0" total="2" passed="2" failed="0" skipped="0">
  <reporter-output>
  </reporter-output>
  <suite started-at="2020-11-17T17:47:21 PKT" name="Default suite" finished-at="2020-11-17T17:48:05 PKT" duration-ms="44038">
    <groups>
    </groups>
    <test started-at="2020-11-17T17:47:21 PKT" name="Default test" finished-at="2020-11-17T17:48:05 PKT" duration-ms="44038">
      <class name="Master.CMXExecution">
        <test-method is-config="true" signature="SystmProperties()[pri:0, instance:Master.CMXExecution@7880cdf3]" started-at="2020-11-17T17:47:20 PKT" name="SystmProperties" finished-at="2020-11-17T17:47:21 PKT" duration-ms="827" status="PASS">
          <reporter-output>
          </reporter-output>
        </test-method> <!-- SystmProperties -->
        <test-method is-config="true" signature="Startup()[pri:0, instance:Master.CMXExecution@7880cdf3]" started-at="2020-11-17T17:47:21 PKT" name="Startup" finished-at="2020-11-17T17:47:32 PKT" duration-ms="11241" status="PASS">
          <reporter-output>
          </reporter-output>
        </test-method> <!-- Startup -->
        <test-method signature="LoginCMX()[pri:1, instance:Master.CMXExecution@7880cdf3]" started-at="2020-11-17T17:47:32 PKT" name="LoginCMX" finished-at="2020-11-17T17:48:03 PKT" duration-ms="30576" status="PASS">
          <reporter-output>
          </reporter-output>
        </test-method> <!-- LoginCMX -->
        <test-method is-config="true" signature="getResult(org.testng.ITestResult)[pri:0, instance:Master.CMXExecution@7880cdf3]" started-at="2020-11-17T17:48:03 PKT" name="getResult" finished-at="2020-11-17T17:48:05 PKT" duration-ms="1794" status="PASS">
          <params>
            <param index="0">
              <value>
                <![CDATA[[TestResult name=LoginCMX status=SUCCESS method=CMXExecution.LoginCMX()[pri:1, instance:Master.CMXExecution@7880cdf3] output={null}]]]>
              </value>
            </param>
          </params>
          <reporter-output>
          </reporter-output>
        </test-method> <!-- getResult -->
        <test-method signature="ValidateContent()[pri:2, instance:Master.CMXExecution@7880cdf3]" started-at="2020-11-17T17:48:05 PKT" name="ValidateContent" finished-at="2020-11-17T17:48:05 PKT" duration-ms="5" status="PASS">
          <reporter-output>
          </reporter-output>
        </test-method> <!-- ValidateContent -->
        <test-method is-config="true" signature="getResult(org.testng.ITestResult)[pri:0, instance:Master.CMXExecution@7880cdf3]" started-at="2020-11-17T17:48:05 PKT" name="getResult" finished-at="2020-11-17T17:48:05 PKT" duration-ms="251" status="PASS">
          <params>
            <param index="0">
              <value>
                <![CDATA[[TestResult name=ValidateContent status=SUCCESS method=CMXExecution.ValidateContent()[pri:2, instance:Master.CMXExecution@7880cdf3] output={null}]]]>
              </value>
            </param>
          </params>
          <reporter-output>
          </reporter-output>
        </test-method> <!-- getResult -->
        <test-method is-config="true" signature="endReport()[pri:0, instance:Master.CMXExecution@7880cdf3]" started-at="2020-11-17T17:48:05 PKT" name="endReport" finished-at="2020-11-17T17:48:05 PKT" duration-ms="1" status="PASS">
          <reporter-output>
          </reporter-output>
        </test-method> <!-- endReport -->
        <test-method is-config="true" signature="CloseBrowser()[pri:0, instance:Master.CMXExecution@7880cdf3]" started-at="2020-11-17T17:48:05 PKT" name="CloseBrowser" finished-at="2020-11-17T17:48:05 PKT" duration-ms="1" status="PASS">
          <reporter-output>
          </reporter-output>
        </test-method> <!-- CloseBrowser -->
      </class> <!-- Master.CMXExecution -->
    </test> <!-- Default test -->
  </suite> <!-- Default suite -->
</testng-results>
